D:\Program Files\Microsoft Visual Studio\2022\Community\MSBuild\Microsoft\VC\v170\Microsoft.CppBuild.targets(520,5): warning MSB8004: Output Directory does not end with a trailing slash.  This build instance will add the slash as it is required to allow proper evaluation of the Output Directory.
  entry.cpp
  Main.cpp
  Mob.cpp
E:\Users_From_C\LightError\folder3\GodotProjects\first3dgame\VSproj\GodotProject\Mob.cpp(36,59): warning C4305: 'argument': truncation from 'double' to 'const real_t'
E:\Users_From_C\LightError\folder3\GodotProjects\first3dgame\VSproj\GodotProject\Mob.cpp(38,60): warning C4244: 'argument': conversion from 'int' to 'const real_t', possible loss of data
E:\Users_From_C\LightError\folder3\GodotProjects\first3dgame\VSproj\GodotProject\Mob.cpp(38,50): warning C4244: 'argument': conversion from 'int' to 'const real_t', possible loss of data
  Player.cpp
E:\Users_From_C\LightError\folder3\GodotProjects\first3dgame\VSproj\GodotProject\Player.cpp(5,70): warning C4305: 'argument': truncation from 'godot::KinematicCollision *(__cdecl *)(void)' to 'bool'
E:\Users_From_C\LightError\folder3\GodotProjects\first3dgame\VSproj\GodotProject\Player.cpp(58,19): warning C4244: '=': conversion from 'int' to 'real_t', possible loss of data
  ScoreLabel.cpp
  Generating Code...
     Creating library ..\..\godot-cpp\include\GodotProject.lib and object ..\..\godot-cpp\include\GodotProject.exp
entry.obj : error LNK2019: unresolved external symbol "public: static void __cdecl godot::Godot::gdnative_init(struct godot_gdnative_init_options *)" (?gdnative_init@Godot@godot@@SAXPEAUgodot_gdnative_init_options@@@Z) referenced in function godot_gdnative_init
entry.obj : error LNK2019: unresolved external symbol "public: static void __cdecl godot::Godot::gdnative_terminate(struct godot_gdnative_terminate_options *)" (?gdnative_terminate@Godot@godot@@SAXPEAUgodot_gdnative_terminate_options@@@Z) referenced in function godot_gdnative_terminate
entry.obj : error LNK2019: unresolved external symbol "public: static void __cdecl godot::Godot::nativescript_init(void *)" (?nativescript_init@Godot@godot@@SAXPEAX@Z) referenced in function godot_nativescript_init
entry.obj : error LNK2019: unresolved external symbol "void __cdecl godot::_TagDB::register_type(unsigned __int64,unsigned __int64)" (?register_type@_TagDB@godot@@YAX_K0@Z) referenced in function "void __cdecl godot::register_class<class Main>(void)" (??$register_class@VMain@@@godot@@YAXXZ)
entry.obj : error LNK2019: unresolved external symbol "public: void __cdecl godot::Object::free(void)" (?free@Object@godot@@QEAAXXZ) referenced in function "public: void __cdecl godot::Ref<class godot::KinematicCollision>::unref(void)" (?unref@?$Ref@VKinematicCollision@godot@@@godot@@QEAAXXZ)
Main.obj : error LNK2001: unresolved external symbol "public: void __cdecl godot::Object::free(void)" (?free@Object@godot@@QEAAXXZ)
Mob.obj : error LNK2001: unresolved external symbol "public: void __cdecl godot::Object::free(void)" (?free@Object@godot@@QEAAXXZ)
Player.obj : error LNK2001: unresolved external symbol "public: void __cdecl godot::Object::free(void)" (?free@Object@godot@@QEAAXXZ)
entry.obj : error LNK2019: unresolved external symbol "public: bool __cdecl godot::Reference::unreference(void)" (?unreference@Reference@godot@@QEAA_NXZ) referenced in function "public: void __cdecl godot::Ref<class godot::KinematicCollision>::unref(void)" (?unref@?$Ref@VKinematicCollision@godot@@@godot@@QEAAXXZ)
Main.obj : error LNK2001: unresolved external symbol "public: bool __cdecl godot::Reference::unreference(void)" (?unreference@Reference@godot@@QEAA_NXZ)
Mob.obj : error LNK2001: unresolved external symbol "public: bool __cdecl godot::Reference::unreference(void)" (?unreference@Reference@godot@@QEAA_NXZ)
Player.obj : error LNK2001: unresolved external symbol "public: bool __cdecl godot::Reference::unreference(void)" (?unreference@Reference@godot@@QEAA_NXZ)
ScoreLabel.obj : error LNK2001: unresolved external symbol nativescript_api
entry.obj : error LNK2001: unresolved external symbol nativescript_api
Main.obj : error LNK2001: unresolved external symbol nativescript_api
Mob.obj : error LNK2001: unresolved external symbol nativescript_api
Player.obj : error LNK2001: unresolved external symbol nativescript_api
entry.obj : error LNK2001: unresolved external symbol nativescript_1_1_api
Main.obj : error LNK2001: unresolved external symbol nativescript_1_1_api
Mob.obj : error LNK2001: unresolved external symbol nativescript_1_1_api
Player.obj : error LNK2001: unresolved external symbol nativescript_1_1_api
ScoreLabel.obj : error LNK2001: unresolved external symbol "public: static void * godot::_RegisterState::nativescript_handle" (?nativescript_handle@_RegisterState@godot@@2PEAXEA)
entry.obj : error LNK2001: unresolved external symbol "public: static void * godot::_RegisterState::nativescript_handle" (?nativescript_handle@_RegisterState@godot@@2PEAXEA)
Main.obj : error LNK2001: unresolved external symbol "public: static void * godot::_RegisterState::nativescript_handle" (?nativescript_handle@_RegisterState@godot@@2PEAXEA)
Mob.obj : error LNK2001: unresolved external symbol "public: static void * godot::_RegisterState::nativescript_handle" (?nativescript_handle@_RegisterState@godot@@2PEAXEA)
Player.obj : error LNK2001: unresolved external symbol "public: static void * godot::_RegisterState::nativescript_handle" (?nativescript_handle@_RegisterState@godot@@2PEAXEA)
entry.obj : error LNK2001: unresolved external symbol "public: static struct godot::Vector3 const godot::Vector3::ZERO" (?ZERO@Vector3@godot@@2U12@B)
Player.obj : error LNK2001: unresolved external symbol "public: static struct godot::Vector3 const godot::Vector3::ZERO" (?ZERO@Vector3@godot@@2U12@B)
entry.obj : error LNK2001: unresolved external symbol "private: static void * godot::Node::_detail_class_tag" (?_detail_class_tag@Node@godot@@0PEAXEA)
entry.obj : error LNK2001: unresolved external symbol "private: static void * godot::Label::_detail_class_tag" (?_detail_class_tag@Label@godot@@0PEAXEA)
entry.obj : error LNK2001: unresolved external symbol "private: static void * godot::KinematicBody::_detail_class_tag" (?_detail_class_tag@KinematicBody@godot@@0PEAXEA)
Main.obj : error LNK2019: unresolved external symbol "public: __cdecl godot::String::String(char const *)" (??0String@godot@@QEAA@PEBD@Z) referenced in function "void __cdecl godot::register_property<class Main,class godot::Ref<class godot::PackedScene> >(char const *,class godot::Ref<class godot::PackedScene> Main::*,class godot::Ref<class godot::PackedScene>,enum godot_method_rpc_mode,enum godot_property_usage_flags,enum godot_property_hint,class godot::String)" (??$register_property@VMain@@V?$Ref@VPackedScene@godot@@@godot@@@godot@@YAXPEBDPEQMain@@V?$Ref@VPackedScene@godot@@@0@V20@W4godot_method_rpc_mode@@W4godot_property_usage_flags@@W4godot_property_hint@@VString@0@@Z)
Mob.obj : error LNK2001: unresolved external symbol "public: __cdecl godot::String::String(char const *)" (??0String@godot@@QEAA@PEBD@Z)
Player.obj : error LNK2001: unresolved external symbol "public: __cdecl godot::String::String(char const *)" (??0String@godot@@QEAA@PEBD@Z)
ScoreLabel.obj : error LNK2001: unresolved external symbol "public: __cdecl godot::String::String(char const *)" (??0String@godot@@QEAA@PEBD@Z)
Main.obj : error LNK2019: unresolved external symbol "public: __cdecl godot::String::~String(void)" (??1String@godot@@QEAA@XZ) referenced in function "void __cdecl godot::register_property<class Main,class godot::Ref<class godot::PackedScene> >(char const *,class godot::Ref<class godot::PackedScene> Main::*,class godot::Ref<class godot::PackedScene>,enum godot_method_rpc_mode,enum godot_property_usage_flags,enum godot_property_hint,class godot::String)" (??$register_property@VMain@@V?$Ref@VPackedScene@godot@@@godot@@@godot@@YAXPEBDPEQMain@@V?$Ref@VPackedScene@godot@@@0@V20@W4godot_method_rpc_mode@@W4godot_property_usage_flags@@W4godot_property_hint@@VString@0@@Z)
Mob.obj : error LNK2001: unresolved external symbol "public: __cdecl godot::String::~String(void)" (??1String@godot@@QEAA@XZ)
Player.obj : error LNK2001: unresolved external symbol "public: __cdecl godot::String::~String(void)" (??1String@godot@@QEAA@XZ)
Main.obj : error LNK2019: unresolved external symbol "public: void __cdecl godot::String::operator=(class godot::String &&)" (??4String@godot@@QEAAX$$QEAV01@@Z) referenced in function "void __cdecl godot::register_property<class Main,class godot::Ref<class godot::PackedScene> >(char const *,class godot::Ref<class godot::PackedScene> Main::*,class godot::Ref<class godot::PackedScene>,enum godot_method_rpc_mode,enum godot_property_usage_flags,enum godot_property_hint,class godot::String)" (??$register_property@VMain@@V?$Ref@VPackedScene@godot@@@godot@@@godot@@YAXPEBDPEQMain@@V?$Ref@VPackedScene@godot@@@0@V20@W4godot_method_rpc_mode@@W4godot_property_usage_flags@@W4godot_property_hint@@VString@0@@Z)
Main.obj : error LNK2019: unresolved external symbol "public: class godot::String __cdecl godot::String::operator+(class godot::String const &)const " (??HString@godot@@QEBA?AV01@AEBV01@@Z) referenced in function "private: void __cdecl godot::Ref<class godot::PackedScene>::ref_pointer(class godot::PackedScene *)" (?ref_pointer@?$Ref@VPackedScene@godot@@@godot@@AEAAXPEAVPackedScene@2@@Z)
Mob.obj : error LNK2001: unresolved external symbol "public: class godot::String __cdecl godot::String::operator+(class godot::String const &)const " (??HString@godot@@QEBA?AV01@AEBV01@@Z)
Main.obj : error LNK2019: unresolved external symbol "public: __cdecl godot::Array::Array(void)" (??0Array@godot@@QEAA@XZ) referenced in function "public: void __cdecl Main::_on_MobTimer_timeout(void)" (?_on_MobTimer_timeout@Main@@QEAAXXZ)
Mob.obj : error LNK2001: unresolved external symbol "public: __cdecl godot::Array::Array(void)" (??0Array@godot@@QEAA@XZ)
Player.obj : error LNK2001: unresolved external symbol "public: __cdecl godot::Array::Array(void)" (??0Array@godot@@QEAA@XZ)
Main.obj : error LNK2019: unresolved external symbol "public: __cdecl godot::Array::~Array(void)" (??1Array@godot@@QEAA@XZ) referenced in function "int `public: void __cdecl Main::_on_MobTimer_timeout(void)'::`1'::dtor$2" (?dtor$2@?0??_on_MobTimer_timeout@Main@@QEAAXXZ@4HA)
Mob.obj : error LNK2001: unresolved external symbol "public: __cdecl godot::Array::~Array(void)" (??1Array@godot@@QEAA@XZ)
Player.obj : error LNK2001: unresolved external symbol "public: __cdecl godot::Array::~Array(void)" (??1Array@godot@@QEAA@XZ)
Main.obj : error LNK2019: unresolved external symbol "public: static void __cdecl godot::Godot::print_error(class godot::String const &,class godot::String const &,class godot::String const &,int)" (?print_error@Godot@godot@@SAXAEBVString@2@00H@Z) referenced in function "private: void __cdecl godot::Ref<class godot::PackedScene>::ref_pointer(class godot::PackedScene *)" (?ref_pointer@?$Ref@VPackedScene@godot@@@godot@@AEAAXPEAVPackedScene@2@@Z)
Mob.obj : error LNK2001: unresolved external symbol "public: static void __cdecl godot::Godot::print_error(class godot::String const &,class godot::String const &,class godot::String const &,int)" (?print_error@Godot@godot@@SAXAEBVString@2@00H@Z)
Main.obj : error LNK2019: unresolved external symbol "public: __cdecl godot::NodePath::NodePath(class godot::NodePath const &)" (??0NodePath@godot@@QEAA@AEBV01@@Z) referenced in function "public: class godot::PathFollow * __cdecl godot::Node::get_node<class godot::PathFollow>(class godot::NodePath)const " (??$get_node@VPathFollow@godot@@@Node@godot@@QEBAPEAVPathFollow@1@VNodePath@1@@Z)
Mob.obj : error LNK2001: unresolved external symbol "public: __cdecl godot::NodePath::NodePath(class godot::NodePath const &)" (??0NodePath@godot@@QEAA@AEBV01@@Z)
Player.obj : error LNK2001: unresolved external symbol "public: __cdecl godot::NodePath::NodePath(class godot::NodePath const &)" (??0NodePath@godot@@QEAA@AEBV01@@Z)
Main.obj : error LNK2019: unresolved external symbol "public: __cdecl godot::NodePath::NodePath(char const *)" (??0NodePath@godot@@QEAA@PEBD@Z) referenced in function "public: void __cdecl Main::_on_MobTimer_timeout(void)" (?_on_MobTimer_timeout@Main@@QEAAXXZ)
Mob.obj : error LNK2001: unresolved external symbol "public: __cdecl godot::NodePath::NodePath(char const *)" (??0NodePath@godot@@QEAA@PEBD@Z)
Player.obj : error LNK2001: unresolved external symbol "public: __cdecl godot::NodePath::NodePath(char const *)" (??0NodePath@godot@@QEAA@PEBD@Z)
Main.obj : error LNK2019: unresolved external symbol "public: __cdecl godot::NodePath::~NodePath(void)" (??1NodePath@godot@@QEAA@XZ) referenced in function "public: class godot::PathFollow * __cdecl godot::Node::get_node<class godot::PathFollow>(class godot::NodePath)const " (??$get_node@VPathFollow@godot@@@Node@godot@@QEBAPEAVPathFollow@1@VNodePath@1@@Z)
Mob.obj : error LNK2001: unresolved external symbol "public: __cdecl godot::NodePath::~NodePath(void)" (??1NodePath@godot@@QEAA@XZ)
Player.obj : error LNK2001: unresolved external symbol "public: __cdecl godot::NodePath::~NodePath(void)" (??1NodePath@godot@@QEAA@XZ)
Main.obj : error LNK2019: unresolved external symbol "public: __cdecl godot::Variant::Variant(class godot::Variant const &)" (??0Variant@godot@@QEAA@AEBV01@@Z) referenced in function "public: void __cdecl godot::_WrappedMethod<class Main,void,float>::apply<0>(class godot::Variant *,class Main *,class godot::Variant * *,struct godot::__Sequence<0>)" (??$apply@$0A@@?$_WrappedMethod@VMain@@XM@godot@@QEAAXPEAVVariant@1@PEAVMain@@PEAPEAV21@U?$__Sequence@$0A@@1@@Z)
Mob.obj : error LNK2001: unresolved external symbol "public: __cdecl godot::Variant::Variant(class godot::Variant const &)" (??0Variant@godot@@QEAA@AEBV01@@Z)
Player.obj : error LNK2001: unresolved external symbol "public: __cdecl godot::Variant::Variant(class godot::Variant const &)" (??0Variant@godot@@QEAA@AEBV01@@Z)
ScoreLabel.obj : error LNK2001: unresolved external symbol "public: __cdecl godot::Variant::Variant(class godot::Variant const &)" (??0Variant@godot@@QEAA@AEBV01@@Z)
Main.obj : error LNK2019: unresolved external symbol "public: __cdecl godot::Variant::Variant(class godot::Object const *)" (??0Variant@godot@@QEAA@PEBVObject@1@@Z) referenced in function "public: __cdecl godot::Ref<class godot::PackedScene>::operator class godot::Variant(void)const " (??B?$Ref@VPackedScene@godot@@@godot@@QEBA?AVVariant@1@XZ)
Main.obj : error LNK2019: unresolved external symbol "public: class godot::Variant & __cdecl godot::Variant::operator=(class godot::Variant const &)" (??4Variant@godot@@QEAAAEAV01@AEBV01@@Z) referenced in function "public: static struct godot_variant __cdecl godot::_PropertyDefaultGetFunc<class Main,class godot::Ref<class godot::PackedScene> >::_wrapped_getter(void *,void *,void *)" (?_wrapped_getter@?$_PropertyDefaultGetFunc@VMain@@V?$Ref@VPackedScene@godot@@@godot@@@godot@@SA?AUgodot_variant@@PEAX00@Z)
Main.obj : error LNK2019: unresolved external symbol "public: __cdecl godot::Variant::operator float(void)const " (??BVariant@godot@@QEBAMXZ) referenced in function "public: static float __cdecl godot::_ArgCast<float>::_arg_cast(class godot::Variant)" (?_arg_cast@?$_ArgCast@M@godot@@SAMVVariant@2@@Z)
Mob.obj : error LNK2001: unresolved external symbol "public: __cdecl godot::Variant::operator float(void)const " (??BVariant@godot@@QEBAMXZ)
Player.obj : error LNK2001: unresolved external symbol "public: __cdecl godot::Variant::operator float(void)const " (??BVariant@godot@@QEBAMXZ)
Main.obj : error LNK2019: unresolved external symbol "public: __cdecl godot::Variant::operator double(void)const " (??BVariant@godot@@QEBANXZ) referenced in function "public: static double __cdecl godot::_ArgCast<double>::_arg_cast(class godot::Variant)" (?_arg_cast@?$_ArgCast@N@godot@@SANVVariant@2@@Z)
Mob.obj : error LNK2001: unresolved external symbol "public: __cdecl godot::Variant::operator double(void)const " (??BVariant@godot@@QEBANXZ)
Player.obj : error LNK2001: unresolved external symbol "public: __cdecl godot::Variant::operator double(void)const " (??BVariant@godot@@QEBANXZ)
ScoreLabel.obj : error LNK2001: unresolved external symbol "public: __cdecl godot::Variant::operator double(void)const " (??BVariant@godot@@QEBANXZ)
Main.obj : error LNK2019: unresolved external symbol "public: __cdecl godot::Variant::operator void *(void)const " (??BVariant@godot@@QEBAPEAXXZ) referenced in function "void __cdecl godot::register_property<class Main,class godot::Ref<class godot::PackedScene> >(char const *,class godot::Ref<class godot::PackedScene> Main::*,class godot::Ref<class godot::PackedScene>,enum godot_method_rpc_mode,enum godot_property_usage_flags,enum godot_property_hint,class godot::String)" (??$register_property@VMain@@V?$Ref@VPackedScene@godot@@@godot@@@godot@@YAXPEBDPEQMain@@V?$Ref@VPackedScene@godot@@@0@V20@W4godot_method_rpc_mode@@W4godot_property_usage_flags@@W4godot_property_hint@@VString@0@@Z)
Player.obj : error LNK2001: unresolved external symbol "public: __cdecl godot::Variant::operator void *(void)const " (??BVariant@godot@@QEBAPEAXXZ)
Main.obj : error LNK2019: unresolved external symbol "public: enum godot::Variant::Type __cdecl godot::Variant::get_type(void)const " (?get_type@Variant@godot@@QEBA?AW4Type@12@XZ) referenced in function "void __cdecl godot::register_property<class Main,class godot::Ref<class godot::PackedScene> >(char const *,class godot::Ref<class godot::PackedScene> Main::*,class godot::Ref<class godot::PackedScene>,enum godot_method_rpc_mode,enum godot_property_usage_flags,enum godot_property_hint,class godot::String)" (??$register_property@VMain@@V?$Ref@VPackedScene@godot@@@godot@@@godot@@YAXPEBDPEQMain@@V?$Ref@VPackedScene@godot@@@0@V20@W4godot_method_rpc_mode@@W4godot_property_usage_flags@@W4godot_property_hint@@VString@0@@Z)
Main.obj : error LNK2019: unresolved external symbol "public: __cdecl godot::Variant::~Variant(void)" (??1Variant@godot@@QEAA@XZ) referenced in function "void __cdecl godot::register_property<class Main,class godot::Ref<class godot::PackedScene> >(char const *,class godot::Ref<class godot::PackedScene> Main::*,class godot::Ref<class godot::PackedScene>,enum godot_method_rpc_mode,enum godot_property_usage_flags,enum godot_property_hint,class godot::String)" (??$register_property@VMain@@V?$Ref@VPackedScene@godot@@@godot@@@godot@@YAXPEBDPEQMain@@V?$Ref@VPackedScene@godot@@@0@V20@W4godot_method_rpc_mode@@W4godot_property_usage_flags@@W4godot_property_hint@@VString@0@@Z)
Mob.obj : error LNK2001: unresolved external symbol "public: __cdecl godot::Variant::~Variant(void)" (??1Variant@godot@@QEAA@XZ)
Player.obj : error LNK2001: unresolved external symbol "public: __cdecl godot::Variant::~Variant(void)" (??1Variant@godot@@QEAA@XZ)
ScoreLabel.obj : error LNK2001: unresolved external symbol "public: __cdecl godot::Variant::~Variant(void)" (??1Variant@godot@@QEAA@XZ)
Main.obj : error LNK2019: unresolved external symbol "bool __cdecl godot::_TagDB::is_type_known(unsigned __int64)" (?is_type_known@_TagDB@godot@@YA_N_K@Z) referenced in function "public: static class Mob * __cdecl godot::Object::cast_to<class Mob>(class godot::Object const *)" (??$cast_to@VMob@@@Object@godot@@SAPEAVMob@@PEBV01@@Z)
Mob.obj : error LNK2001: unresolved external symbol "bool __cdecl godot::_TagDB::is_type_known(unsigned __int64)" (?is_type_known@_TagDB@godot@@YA_N_K@Z)
Player.obj : error LNK2001: unresolved external symbol "bool __cdecl godot::_TagDB::is_type_known(unsigned __int64)" (?is_type_known@_TagDB@godot@@YA_N_K@Z)
Main.obj : error LNK2019: unresolved external symbol "bool __cdecl godot::_TagDB::is_type_compatible(unsigned __int64,unsigned __int64)" (?is_type_compatible@_TagDB@godot@@YA_N_K0@Z) referenced in function "public: static class Mob * __cdecl godot::Object::cast_to<class Mob>(class godot::Object const *)" (??$cast_to@VMob@@@Object@godot@@SAPEAVMob@@PEBV01@@Z)
Mob.obj : error LNK2001: unresolved external symbol "bool __cdecl godot::_TagDB::is_type_compatible(unsigned __int64,unsigned __int64)" (?is_type_compatible@_TagDB@godot@@YA_N_K0@Z)
Player.obj : error LNK2001: unresolved external symbol "bool __cdecl godot::_TagDB::is_type_compatible(unsigned __int64,unsigned __int64)" (?is_type_compatible@_TagDB@godot@@YA_N_K0@Z)
Main.obj : error LNK2019: unresolved external symbol "public: enum godot::Error __cdecl godot::Object::connect(class godot::String,class godot::Object const *,class godot::String,class godot::Array,__int64)" (?connect@Object@godot@@QEAA?AW4Error@2@VString@2@PEBV12@0VArray@2@_J@Z) referenced in function "public: void __cdecl Main::_on_MobTimer_timeout(void)" (?_on_MobTimer_timeout@Main@@QEAAXXZ)
Main.obj : error LNK2019: unresolved external symbol "public: class godot::String __cdecl godot::Object::get_class(void)const " (?get_class@Object@godot@@QEBA?AVString@2@XZ) referenced in function "void __cdecl godot::register_property<class Main,class godot::Ref<class godot::PackedScene> >(char const *,class godot::Ref<class godot::PackedScene> Main::*,class godot::Ref<class godot::PackedScene>,enum godot_method_rpc_mode,enum godot_property_usage_flags,enum godot_property_hint,class godot::String)" (??$register_property@VMain@@V?$Ref@VPackedScene@godot@@@godot@@@godot@@YAXPEBDPEQMain@@V?$Ref@VPackedScene@godot@@@0@V20@W4godot_method_rpc_mode@@W4godot_property_usage_flags@@W4godot_property_hint@@VString@0@@Z)
Main.obj : error LNK2019: unresolved external symbol "public: bool __cdecl godot::Object::is_class(class godot::String)const " (?is_class@Object@godot@@QEBA_NVString@2@@Z) referenced in function "void __cdecl godot::register_property<class Main,class godot::Ref<class godot::PackedScene> >(char const *,class godot::Ref<class godot::PackedScene> Main::*,class godot::Ref<class godot::PackedScene>,enum godot_method_rpc_mode,enum godot_property_usage_flags,enum godot_property_hint,class godot::String)" (??$register_property@VMain@@V?$Ref@VPackedScene@godot@@@godot@@@godot@@YAXPEBDPEQMain@@V?$Ref@VPackedScene@godot@@@0@V20@W4godot_method_rpc_mode@@W4godot_property_usage_flags@@W4godot_property_hint@@VString@0@@Z)
Main.obj : error LNK2019: unresolved external symbol "public: bool __cdecl godot::Reference::init_ref(void)" (?init_ref@Reference@godot@@QEAA_NXZ) referenced in function "private: void __cdecl godot::Ref<class godot::PackedScene>::ref_pointer(class godot::PackedScene *)" (?ref_pointer@?$Ref@VPackedScene@godot@@@godot@@AEAAXPEAVPackedScene@2@@Z)
Mob.obj : error LNK2001: unresolved external symbol "public: bool __cdecl godot::Reference::init_ref(void)" (?init_ref@Reference@godot@@QEAA_NXZ)
Main.obj : error LNK2019: unresolved external symbol "public: bool __cdecl godot::Reference::reference(void)" (?reference@Reference@godot@@QEAA_NXZ) referenced in function "private: void __cdecl godot::Ref<class godot::PackedScene>::ref(class godot::Ref<class godot::PackedScene> const &)" (?ref@?$Ref@VPackedScene@godot@@@godot@@AEAAXAEBV12@@Z)
Mob.obj : error LNK2001: unresolved external symbol "public: bool __cdecl godot::Reference::reference(void)" (?reference@Reference@godot@@QEAA_NXZ)
Player.obj : error LNK2001: unresolved external symbol "public: bool __cdecl godot::Reference::reference(void)" (?reference@Reference@godot@@QEAA_NXZ)
Main.obj : error LNK2019: unresolved external symbol "public: void __cdecl godot::Node::add_child(class godot::Node const *,bool)" (?add_child@Node@godot@@QEAAXPEBV12@_N@Z) referenced in function "public: void __cdecl Main::_on_MobTimer_timeout(void)" (?_on_MobTimer_timeout@Main@@QEAAXXZ)
Main.obj : error LNK2019: unresolved external symbol "public: class godot::Node * __cdecl godot::Node::get_node_internal(class godot::NodePath)const " (?get_node_internal@Node@godot@@QEBAPEAV12@VNodePath@2@@Z) referenced in function "public: class godot::PathFollow * __cdecl godot::Node::get_node<class godot::PathFollow>(class godot::NodePath)const " (??$get_node@VPathFollow@godot@@@Node@godot@@QEBAPEAVPathFollow@1@VNodePath@1@@Z)
Mob.obj : error LNK2001: unresolved external symbol "public: class godot::Node * __cdecl godot::Node::get_node_internal(class godot::NodePath)const " (?get_node_internal@Node@godot@@QEBAPEAV12@VNodePath@2@@Z)
Player.obj : error LNK2001: unresolved external symbol "public: class godot::Node * __cdecl godot::Node::get_node_internal(class godot::NodePath)const " (?get_node_internal@Node@godot@@QEBAPEAV12@VNodePath@2@@Z)
Main.obj : error LNK2019: unresolved external symbol "public: class godot::Transform __cdecl godot::Spatial::get_transform(void)const " (?get_transform@Spatial@godot@@QEBA?AVTransform@2@XZ) referenced in function "public: void __cdecl Main::_on_MobTimer_timeout(void)" (?_on_MobTimer_timeout@Main@@QEAAXXZ)
Main.obj : error LNK2019: unresolved external symbol "public: struct godot::Vector3 __cdecl godot::Spatial::get_translation(void)const " (?get_translation@Spatial@godot@@QEBA?AUVector3@2@XZ) referenced in function "public: void __cdecl Main::_on_MobTimer_timeout(void)" (?_on_MobTimer_timeout@Main@@QEAAXXZ)
Main.obj : error LNK2019: unresolved external symbol "public: static class godot::RandomNumberGenerator * __cdecl godot::RandomNumberGenerator::_new(void)" (?_new@RandomNumberGenerator@godot@@SAPEAV12@XZ) referenced in function "public: void __cdecl Main::_ready(void)" (?_ready@Main@@QEAAXXZ)
Mob.obj : error LNK2001: unresolved external symbol "public: static class godot::RandomNumberGenerator * __cdecl godot::RandomNumberGenerator::_new(void)" (?_new@RandomNumberGenerator@godot@@SAPEAV12@XZ)
Main.obj : error LNK2019: unresolved external symbol "public: float __cdecl godot::RandomNumberGenerator::randf(void)" (?randf@RandomNumberGenerator@godot@@QEAAMXZ) referenced in function "public: void __cdecl Main::_on_MobTimer_timeout(void)" (?_on_MobTimer_timeout@Main@@QEAAXXZ)
Main.obj : error LNK2019: unresolved external symbol "public: void __cdecl godot::RandomNumberGenerator::randomize(void)" (?randomize@RandomNumberGenerator@godot@@QEAAXXZ) referenced in function "public: void __cdecl Main::_ready(void)" (?_ready@Main@@QEAAXXZ)
Mob.obj : error LNK2001: unresolved external symbol "public: void __cdecl godot::RandomNumberGenerator::randomize(void)" (?randomize@RandomNumberGenerator@godot@@QEAAXXZ)
Main.obj : error LNK2019: unresolved external symbol "public: class godot::Node * __cdecl godot::PackedScene::instance(__int64)const " (?instance@PackedScene@godot@@QEBAPEAVNode@2@_J@Z) referenced in function "public: void __cdecl Main::_on_MobTimer_timeout(void)" (?_on_MobTimer_timeout@Main@@QEAAXXZ)
Main.obj : error LNK2019: unresolved external symbol "public: void __cdecl godot::PathFollow::set_unit_offset(float)" (?set_unit_offset@PathFollow@godot@@QEAAXM@Z) referenced in function "public: void __cdecl Main::_on_MobTimer_timeout(void)" (?_on_MobTimer_timeout@Main@@QEAAXXZ)
Main.obj : error LNK2019: unresolved external symbol "public: void __cdecl godot::Timer::stop(void)" (?stop@Timer@godot@@QEAAXXZ) referenced in function "public: void __cdecl Main::_on_Player_hit(void)" (?_on_Player_hit@Main@@QEAAXXZ)
Main.obj : error LNK2001: unresolved external symbol api
Mob.obj : error LNK2001: unresolved external symbol api
Player.obj : error LNK2001: unresolved external symbol api
ScoreLabel.obj : error LNK2001: unresolved external symbol api
Main.obj : error LNK2001: unresolved external symbol core_1_2_api
Mob.obj : error LNK2001: unresolved external symbol core_1_2_api
Player.obj : error LNK2001: unresolved external symbol core_1_2_api
Main.obj : error LNK2001: unresolved external symbol "public: static int godot::_RegisterState::language_index" (?language_index@_RegisterState@godot@@2HA)
Player.obj : error LNK2001: unresolved external symbol "public: static int godot::_RegisterState::language_index" (?language_index@_RegisterState@godot@@2HA)
Main.obj : error LNK2001: unresolved external symbol "private: static void * godot::PackedScene::_detail_class_tag" (?_detail_class_tag@PackedScene@godot@@0PEAXEA)
Main.obj : error LNK2001: unresolved external symbol "private: static void * godot::PathFollow::_detail_class_tag" (?_detail_class_tag@PathFollow@godot@@0PEAXEA)
Main.obj : error LNK2001: unresolved external symbol "private: static void * godot::Timer::_detail_class_tag" (?_detail_class_tag@Timer@godot@@0PEAXEA)
Mob.obj : error LNK2019: unresolved external symbol "public: void __cdecl godot::Vector3::rotate(struct godot::Vector3 const &,float)" (?rotate@Vector3@godot@@QEAAXAEBU12@M@Z) referenced in function "public: struct godot::Vector3 __cdecl godot::Vector3::rotated(struct godot::Vector3 const &,float)const " (?rotated@Vector3@godot@@QEBA?AU12@AEBU12@M@Z)
Mob.obj : error LNK2019: unresolved external symbol "public: __cdecl godot::Variant::operator struct godot::Vector3(void)const " (??BVariant@godot@@QEBA?AUVector3@1@XZ) referenced in function "public: static struct godot::Vector3 __cdecl godot::_ArgCast<struct godot::Vector3>::_arg_cast(class godot::Variant)" (?_arg_cast@?$_ArgCast@UVector3@godot@@@godot@@SA?AUVector3@2@VVariant@2@@Z)
Mob.obj : error LNK2019: unresolved external symbol "public: void __cdecl godot::Object::emit_signal(class godot::String,class godot::Array const &)" (?emit_signal@Object@godot@@QEAAXVString@2@AEBVArray@2@@Z) referenced in function "public: void __cdecl Mob::squash(void)" (?squash@Mob@@QEAAXXZ)
Player.obj : error LNK2001: unresolved external symbol "public: void __cdecl godot::Object::emit_signal(class godot::String,class godot::Array const &)" (?emit_signal@Object@godot@@QEAAXVString@2@AEBVArray@2@@Z)
Mob.obj : error LNK2019: unresolved external symbol "public: void __cdecl godot::Node::queue_free(void)" (?queue_free@Node@godot@@QEAAXXZ) referenced in function "public: void __cdecl Mob::_on_VisibilityNotifier_screen_exited(void)" (?_on_VisibilityNotifier_screen_exited@Mob@@QEAAXXZ)
Player.obj : error LNK2001: unresolved external symbol "public: void __cdecl godot::Node::queue_free(void)" (?queue_free@Node@godot@@QEAAXXZ)
Mob.obj : error LNK2019: unresolved external symbol "public: struct godot::Vector3 __cdecl godot::Spatial::get_rotation(void)const " (?get_rotation@Spatial@godot@@QEBA?AUVector3@2@XZ) referenced in function "public: void __cdecl Mob::Initialize(struct godot::Vector3,struct godot::Vector3)" (?Initialize@Mob@@QEAAXUVector3@godot@@0@Z)
Mob.obj : error LNK2019: unresolved external symbol "public: void __cdecl godot::Spatial::look_at_from_position(struct godot::Vector3,struct godot::Vector3,struct godot::Vector3)" (?look_at_from_position@Spatial@godot@@QEAAXUVector3@2@00@Z) referenced in function "public: void __cdecl Mob::Initialize(struct godot::Vector3,struct godot::Vector3)" (?Initialize@Mob@@QEAAXUVector3@godot@@0@Z)
Mob.obj : error LNK2019: unresolved external symbol "public: void __cdecl godot::Spatial::rotate_y(float)" (?rotate_y@Spatial@godot@@QEAAXM@Z) referenced in function "public: void __cdecl Mob::Initialize(struct godot::Vector3,struct godot::Vector3)" (?Initialize@Mob@@QEAAXUVector3@godot@@0@Z)
Mob.obj : error LNK2019: unresolved external symbol "public: struct godot::Vector3 __cdecl godot::KinematicBody::move_and_slide(struct godot::Vector3,struct godot::Vector3,bool,__int64,float,bool)" (?move_and_slide@KinematicBody@godot@@QEAA?AUVector3@2@U32@0_N_JM1@Z) referenced in function "public: void __cdecl Mob::_physics_process(float)" (?_physics_process@Mob@@QEAAXM@Z)
Player.obj : error LNK2001: unresolved external symbol "public: struct godot::Vector3 __cdecl godot::KinematicBody::move_and_slide(struct godot::Vector3,struct godot::Vector3,bool,__int64,float,bool)" (?move_and_slide@KinematicBody@godot@@QEAA?AUVector3@2@U32@0_N_JM1@Z)
Mob.obj : error LNK2019: unresolved external symbol "public: float __cdecl godot::RandomNumberGenerator::randf_range(float,float)" (?randf_range@RandomNumberGenerator@godot@@QEAAMMM@Z) referenced in function "public: void __cdecl Mob::Initialize(struct godot::Vector3,struct godot::Vector3)" (?Initialize@Mob@@QEAAXUVector3@godot@@0@Z)
Mob.obj : error LNK2001: unresolved external symbol "public: static struct godot::Vector3 const godot::Vector3::UP" (?UP@Vector3@godot@@2U12@B)
Player.obj : error LNK2001: unresolved external symbol "public: static struct godot::Vector3 const godot::Vector3::UP" (?UP@Vector3@godot@@2U12@B)
Mob.obj : error LNK2001: unresolved external symbol "public: static struct godot::Vector3 const godot::Vector3::FORWARD" (?FORWARD@Vector3@godot@@2U12@B)
Mob.obj : error LNK2001: unresolved external symbol "private: static void * godot::Spatial::_detail_class_tag" (?_detail_class_tag@Spatial@godot@@0PEAXEA)
Player.obj : error LNK2001: unresolved external symbol "private: static void * godot::Spatial::_detail_class_tag" (?_detail_class_tag@Spatial@godot@@0PEAXEA)
Player.obj : error LNK2019: unresolved external symbol "public: __cdecl godot::Variant::Variant(bool)" (??0Variant@godot@@QEAA@_N@Z) referenced in function "public: void __cdecl Player::_ready(void)" (?_ready@Player@@QEAAXXZ)
Player.obj : error LNK2019: unresolved external symbol "public: bool __cdecl godot::Node::is_in_group(class godot::String)const " (?is_in_group@Node@godot@@QEBA_NVString@2@@Z) referenced in function "public: void __cdecl Player::_physics_process(float)" (?_physics_process@Player@@QEAAXM@Z)
Player.obj : error LNK2019: unresolved external symbol "public: void __cdecl godot::Spatial::look_at(struct godot::Vector3,struct godot::Vector3)" (?look_at@Spatial@godot@@QEAAXUVector3@2@0@Z) referenced in function "public: void __cdecl Player::_physics_process(float)" (?_physics_process@Player@@QEAAXM@Z)
Player.obj : error LNK2019: unresolved external symbol "public: class godot::Ref<class godot::KinematicCollision> __cdecl godot::KinematicBody::get_slide_collision(__int64)" (?get_slide_collision@KinematicBody@godot@@QEAA?AV?$Ref@VKinematicCollision@godot@@@2@_J@Z) referenced in function "public: void __cdecl Player::_physics_process(float)" (?_physics_process@Player@@QEAAXM@Z)
Player.obj : error LNK2019: unresolved external symbol "public: __int64 __cdecl godot::KinematicBody::get_slide_count(void)const " (?get_slide_count@KinematicBody@godot@@QEBA_JXZ) referenced in function "public: void __cdecl Player::_physics_process(float)" (?_physics_process@Player@@QEAAXM@Z)
Player.obj : error LNK2019: unresolved external symbol "public: bool __cdecl godot::KinematicBody::is_on_floor(void)const " (?is_on_floor@KinematicBody@godot@@QEBA_NXZ) referenced in function "public: void __cdecl Player::_physics_process(float)" (?_physics_process@Player@@QEAAXM@Z)
Player.obj : error LNK2019: unresolved external symbol "public: static class godot::KinematicCollision * __cdecl godot::KinematicCollision::_new(void)" (?_new@KinematicCollision@godot@@SAPEAV12@XZ) referenced in function "public: void __cdecl Player::_ready(void)" (?_ready@Player@@QEAAXXZ)
Player.obj : error LNK2019: unresolved external symbol "public: class godot::Object * __cdecl godot::KinematicCollision::get_collider(void)const " (?get_collider@KinematicCollision@godot@@QEBAPEAVObject@2@XZ) referenced in function "public: void __cdecl Player::_physics_process(float)" (?_physics_process@Player@@QEAAXM@Z)
Player.obj : error LNK2019: unresolved external symbol "public: struct godot::Vector3 __cdecl godot::KinematicCollision::get_normal(void)const " (?get_normal@KinematicCollision@godot@@QEBA?AUVector3@2@XZ) referenced in function "public: void __cdecl Player::_physics_process(float)" (?_physics_process@Player@@QEAAXM@Z)
Player.obj : error LNK2019: unresolved external symbol "private: __cdecl godot::Input::Input(void)" (??0Input@godot@@AEAA@XZ) referenced in function "public: static class godot::Input * __cdecl godot::Input::get_singleton(void)" (?get_singleton@Input@godot@@SAPEAV12@XZ)
Player.obj : error LNK2019: unresolved external symbol "public: bool __cdecl godot::Input::is_action_just_pressed(class godot::String,bool)const " (?is_action_just_pressed@Input@godot@@QEBA_NVString@2@_N@Z) referenced in function "public: void __cdecl Player::_physics_process(float)" (?_physics_process@Player@@QEAAXM@Z)
Player.obj : error LNK2019: unresolved external symbol "public: bool __cdecl godot::Input::is_action_pressed(class godot::String,bool)const " (?is_action_pressed@Input@godot@@QEBA_NVString@2@_N@Z) referenced in function "public: void __cdecl Player::_physics_process(float)" (?_physics_process@Player@@QEAAXM@Z)
Player.obj : error LNK2001: unresolved external symbol "private: static void * godot::CollisionShape::_detail_class_tag" (?_detail_class_tag@CollisionShape@godot@@0PEAXEA)
Player.obj : error LNK2001: unresolved external symbol "private: static void * godot::KinematicCollision::_detail_class_tag" (?_detail_class_tag@KinematicCollision@godot@@0PEAXEA)
Player.obj : error LNK2001: unresolved external symbol "private: static class godot::Input * godot::Input::_singleton" (?_singleton@Input@godot@@0PEAV12@EA)
ScoreLabel.obj : error LNK2019: unresolved external symbol "public: void __cdecl godot::Label::set_text(class godot::String)" (?set_text@Label@godot@@QEAAXVString@2@@Z) referenced in function "public: void __cdecl ScoreLabel::_on_Mob_squashed(void)" (?_on_Mob_squashed@ScoreLabel@@QEAAXXZ)
MSVCRTD.lib(exe_main.obj) : error LNK2019: unresolved external symbol main referenced in function "int __cdecl invoke_main(void)" (?invoke_main@@YAHXZ)
..\..\godot-cpp\include\GodotProject.exe : fatal error LNK1120: 83 unresolved externals
